Interrupt Vectors
    00000 940C 0032 JMP	__text_start|__start
    00016 940C 00F9 JMP	_uart0_rx_isr

Program Code (text area)
FILE: <library>
__text_start|__start:
    00032 E5CF      LDI	R28,0x5F
    00033 E0D4      LDI	R29,4
    00034 BFCD      OUT	0x3D,R28
    00035 BFDE      OUT	0x3E,R29
    00036 51CE      SUBI	R28,0x1E
    00037 40D0      SBCI	R29,0
    00038 EA0A      LDI	R16,0xAA
    00039 8308      ST	Y,R16
    0003A 2400      CLR	R0
    0003B E7E0      LDI	R30,0x70
    0003C E0F0      LDI	R31,0
    0003D E010      LDI	R17,0
    0003E 3BE7      CPI	R30,0xB7
    0003F 07F1      CPC	R31,R17
    00040 F011      BEQ	0x0043
    00041 9201      ST	Z+,R0
    00042 CFFB      RJMP	0x003E
    00043 8300      ST	Z,R16
    00044 E5E4      LDI	R30,0x54
    00045 E0F0      LDI	R31,0
    00046 E6A0      LDI	R26,0x60
    00047 E0B0      LDI	R27,0
    00048 E010      LDI	R17,0
    00049 E000      LDI	R16,0
    0004A BF0B      OUT	0x3B,R16
    0004B 36E4      CPI	R30,0x64
    0004C 07F1      CPC	R31,R17
    0004D F021      BEQ	0x0052
    0004E 95C8      LPM
    0004F 9631      ADIW	R30,1
    00050 920D      ST	X+,R0
    00051 CFF9      RJMP	0x004B
    00052 940E 0186 CALL	_main
_exit:
    00054 CFFF      RJMP	_exit
_delay_us:
  t                    --> R16
    00055 E002      LDI	R16,2
    00056 950A      DEC	R16
    00057 9508      RET
_delay_nus:
  t                    --> R20
    00058 934A      ST	-Y,R20
    00059 935A      ST	-Y,R21
    0005A 01A8      MOVW	R20,R16
    0005B C001      RJMP	0x005D
    0005C DFF8      RCALL	_delay_us
    0005D 011A      MOVW	R2,R20
    0005E 5041      SUBI	R20,1
    0005F 4050      SBCI	R21,0
    00060 2022      TST	R2
    00061 F7D1      BNE	0x005C
    00062 2033      TST	R3
    00063 F7C1      BNE	0x005C
    00064 9159      LD	R21,Y+
    00065 9149      LD	R20,Y+
    00066 9508      RET
_delay_ms:
    00067 EF04      LDI	R16,0xF4
    00068 E011      LDI	R17,1
    00069 CFEE      RJMP	_delay_nus
_delay_nms:
  t                    --> R20
    0006A 934A      ST	-Y,R20
    0006B 935A      ST	-Y,R21
    0006C 01A8      MOVW	R20,R16
    0006D C001      RJMP	0x006F
    0006E DFF8      RCALL	_delay_ms
    0006F 011A      MOVW	R2,R20
    00070 5041      SUBI	R20,1
    00071 4050      SBCI	R21,0
    00072 2022      TST	R2
    00073 F7D1      BNE	0x006E
    00074 2033      TST	R3
    00075 F7C1      BNE	0x006E
    00076 9159      LD	R21,Y+
    00077 9149      LD	R20,Y+
    00078 9508      RET
_uart0_init:
    00079 2422      CLR	R2
    0007A B82A      OUT	0x0A,R2
    0007B B82B      OUT	0x0B,R2
    0007C E886      LDI	R24,0x86
    0007D BD80      OUT	0x20,R24
    0007E E383      LDI	R24,0x33
    0007F B989      OUT	0x09,R24
    00080 BC20      OUT	0x20,R2
    00081 E988      LDI	R24,0x98
    00082 B98A      OUT	0x0A,R24
    00083 9508      RET
_send_data:
  back                 --> R16
    00084 9B5D      SBIS	0x0B,5
    00085 CFFE      RJMP	_send_data
    00086 B90C      OUT	0x0C,R16
    00087 9508      RET
_send_dat:
  addr                 --> Y,+1
  ch                   --> Y,+0
    00088 931A      ST	-Y,R17
    00089 930A      ST	-Y,R16
    0008A EA8A      LDI	R24,0xAA
    0008B 9380 00B3 STS	datbuf,R24
    0008D E585      LDI	R24,0x55
    0008E 9380 00B4 STS	datbuf+1,R24
    00090 9100 00B3 LDS	R16,datbuf
    00092 DFF1      RCALL	_send_data
    00093 9100 00B4 LDS	R16,datbuf+1
    00095 DFEE      RCALL	_send_data
    00096 9100 00B5 LDS	R16,datbuf+2
    00098 DFEB      RCALL	_send_data
    00099 9100 00B6 LDS	R16,datbuf+3
    0009B DFE8      RCALL	_send_data
    0009C 9100 00AC LDS	R16,crcdat
    0009E 9110 00AD LDS	R17,crcdat+1
    000A0 7010      ANDI	R17,0
    000A1 DFE2      RCALL	_send_data
    000A2 9100 00AC LDS	R16,crcdat
    000A4 9110 00AD LDS	R17,crcdat+1
    000A6 2F01      MOV	R16,R17
    000A7 2711      CLR	R17
    000A8 DFDB      RCALL	_send_data
    000A9 9622      ADIW	R28,2
    000AA 9508      RET
_Send_595:
  i                    --> R20
  dat                  --> R16
    000AB 934A      ST	-Y,R20
    000AC 2744      CLR	R20
    000AD C00A      RJMP	0x00B8
    000AE 9AC6      SBI	0x18,6
    000AF FF07      SBRS	R16,7
    000B0 C002      RJMP	0x00B3
    000B1 9AC5      SBI	0x18,5
    000B2 C001      RJMP	0x00B4
    000B3 98C5      CBI	0x18,5
    000B4 9AC7      SBI	0x18,7
    000B5 98C7      CBI	0x18,7
    000B6 0F00      LSL	R16
    000B7 9543      INC	R20
    000B8 3048      CPI	R20,0x8
    000B9 F3A0      BCS	0x00AE
    000BA 9149      LD	R20,Y+
    000BB 9508      RET
_temptoseg:
    000BC 9020 0064 LDS	R2,ledcode+4
    000BE 9220 0070 STS	display_data,R2
    000C0 9020 0063 LDS	R2,ledcode+3
    000C2 9220 0071 STS	display_data+1,R2
    000C4 9020 0062 LDS	R2,ledcode+2
    000C6 9220 0072 STS	display_data+2,R2
    000C8 9020 0061 LDS	R2,ledcode+1
    000CA 9220 0073 STS	display_data+3,R2
    000CC 9100 0070 LDS	R16,display_data
    000CE DFDC      RCALL	_Send_595
    000CF 98C4      CBI	0x18,4
    000D0 9AC4      SBI	0x18,4
    000D1 98C3      CBI	0x18,3
    000D2 E004      LDI	R16,4
    000D3 E010      LDI	R17,0
    000D4 940E 006A CALL	_delay_nms
    000D6 9AC3      SBI	0x18,3
    000D7 9100 0071 LDS	R16,display_data+1
    000D9 DFD1      RCALL	_Send_595
    000DA 98C4      CBI	0x18,4
    000DB 9AC4      SBI	0x18,4
    000DC 98C2      CBI	0x18,2
    000DD E004      LDI	R16,4
    000DE E010      LDI	R17,0
    000DF 940E 006A CALL	_delay_nms
    000E1 9AC2      SBI	0x18,2
    000E2 9100 0072 LDS	R16,display_data+2
    000E4 DFC6      RCALL	_Send_595
    000E5 98C4      CBI	0x18,4
    000E6 9AC4      SBI	0x18,4
    000E7 98C1      CBI	0x18,1
    000E8 E004      LDI	R16,4
    000E9 E010      LDI	R17,0
    000EA 940E 006A CALL	_delay_nms
    000EC 9AC1      SBI	0x18,1
    000ED 9100 0073 LDS	R16,display_data+3
    000EF DFBB      RCALL	_Send_595
    000F0 98C4      CBI	0x18,4
    000F1 9AC4      SBI	0x18,4
    000F2 98C0      CBI	0x18,0
    000F3 E004      LDI	R16,4
    000F4 E010      LDI	R17,0
    000F5 940E 006A CALL	_delay_nms
    000F7 9AC0      SBI	0x18,0
    000F8 9508      RET
_uart0_rx_isr:
  i                    --> Y,+1
    000F9 922A      ST	-Y,R2
    000FA 923A      ST	-Y,R3
    000FB 938A      ST	-Y,R24
    000FC 939A      ST	-Y,R25
    000FD 93EA      ST	-Y,R30
    000FE 93FA      ST	-Y,R31
    000FF B62F      IN	R2,0x3F
    00100 922A      ST	-Y,R2
    00101 9857      CBI	0x0A,7
    00102 9020 0074 LDS	R2,count
    00104 2433      CLR	R3
    00105 2D82      MOV	R24,R2
    00106 5F8F      SUBI	R24,0xFF
    00107 9380 0074 STS	count,R24
    00109 E785      LDI	R24,0x75
    0010A E090      LDI	R25,0
    0010B 2DE2      MOV	R30,R2
    0010C 27FF      CLR	R31
    0010D 0FE8      ADD	R30,R24
    0010E 1FF9      ADC	R31,R25
    0010F B02C      IN	R2,0x0C
    00110 8220      ST	Z,R2
    00111 9020 0074 LDS	R2,count
    00113 E783      LDI	R24,0x73
    00114 E090      LDI	R25,0
    00115 2DE2      MOV	R30,R2
    00116 27FF      CLR	R31
    00117 0FE8      ADD	R30,R24
    00118 1FF9      ADC	R31,R25
    00119 8180      LD	R24,Z
    0011A 308D      CPI	R24,0xD
    0011B F009      BEQ	0x011D
    0011C C033      RJMP	0x0150
    0011D E784      LDI	R24,0x74
    0011E E090      LDI	R25,0
    0011F 2DE2      MOV	R30,R2
    00120 27FF      CLR	R31
    00121 0FE8      ADD	R30,R24
    00122 1FF9      ADC	R31,R25
    00123 8180      LD	R24,Z
    00124 308A      CPI	R24,0xA
    00125 F551      BNE	0x0150
    00126 E782      LDI	R24,0x72
    00127 E090      LDI	R25,0
    00128 2DE2      MOV	R30,R2
    00129 27FF      CLR	R31
    0012A 0FE8      ADD	R30,R24
    0012B 1FF9      ADC	R31,R25
    0012C 8020      LD	R2,Z
    0012D 9220 00A7 STS	shu4,R2
    0012F E781      LDI	R24,0x71
    00130 E090      LDI	R25,0
    00131 91E0 0074 LDS	R30,count
    00133 27FF      CLR	R31
    00134 0FE8      ADD	R30,R24
    00135 1FF9      ADC	R31,R25
    00136 8020      LD	R2,Z
    00137 9220 00A8 STS	shu3,R2
    00139 E780      LDI	R24,0x70
    0013A E090      LDI	R25,0
    0013B 91E0 0074 LDS	R30,count
    0013D 27FF      CLR	R31
    0013E 0FE8      ADD	R30,R24
    0013F 1FF9      ADC	R31,R25
    00140 8020      LD	R2,Z
    00141 9220 00A9 STS	shu2,R2
    00143 E68F      LDI	R24,0x6F
    00144 E090      LDI	R25,0
    00145 91E0 0074 LDS	R30,count
    00147 27FF      CLR	R31
    00148 0FE8      ADD	R30,R24
    00149 1FF9      ADC	R31,R25
    0014A 8020      LD	R2,Z
    0014B 9220 00AA STS	shu1,R2
    0014D 2422      CLR	R2
    0014E 9220 0074 STS	count,R2
    00150 9A57      SBI	0x0A,7
    00151 9029      LD	R2,Y+
    00152 BE2F      OUT	0x3F,R2
    00153 91F9      LD	R31,Y+
    00154 91E9      LD	R30,Y+
    00155 9199      LD	R25,Y+
    00156 9189      LD	R24,Y+
    00157 9039      LD	R3,Y+
    00158 9029      LD	R2,Y+
    00159 9518      RETI
_keyscan:
  key                  --> R20
    0015A 934A      ST	-Y,R20
    0015B EF4F      LDI	R20,0xFF
    0015C B389      IN	R24,0x19
    0015D 3F8F      CPI	R24,0xFF
    0015E F121      BEQ	0x0183
    0015F E00A      LDI	R16,0xA
    00160 E010      LDI	R17,0
    00161 940E 006A CALL	_delay_nms
    00163 B389      IN	R24,0x19
    00164 3F8E      CPI	R24,0xFE
    00165 F409      BNE	0x0167
    00166 E041      LDI	R20,1
    00167 B389      IN	R24,0x19
    00168 3F8D      CPI	R24,0xFD
    00169 F409      BNE	0x016B
    0016A E042      LDI	R20,2
    0016B B389      IN	R24,0x19
    0016C 3F8B      CPI	R24,0xFB
    0016D F409      BNE	0x016F
    0016E E043      LDI	R20,3
    0016F B389      IN	R24,0x19
    00170 3F87      CPI	R24,0xF7
    00171 F409      BNE	0x0173
    00172 E044      LDI	R20,4
    00173 B389      IN	R24,0x19
    00174 3E8F      CPI	R24,0xEF
    00175 F409      BNE	0x0177
    00176 E045      LDI	R20,5
    00177 B389      IN	R24,0x19
    00178 3D8F      CPI	R24,0xDF
    00179 F409      BNE	0x017B
    0017A E046      LDI	R20,6
    0017B B389      IN	R24,0x19
    0017C 3B8F      CPI	R24,0xBF
    0017D F409      BNE	0x017F
    0017E E047      LDI	R20,7
    0017F B389      IN	R24,0x19
    00180 378F      CPI	R24,0x7F
    00181 F409      BNE	0x0183
    00182 E048      LDI	R20,0x8
    00183 2F04      MOV	R16,R20
    00184 9149      LD	R20,Y+
    00185 9508      RET
_main:
  k                    --> R20
  keynum               --> R22
    00186 94F8      BCLR	7
    00187 2422      CLR	R2
    00188 BA2A      OUT	0x1A,R2
    00189 EF8F      LDI	R24,0xFF
    0018A BB8B      OUT	0x1B,R24
    0018B BB87      OUT	0x17,R24
    0018C BB88      OUT	0x18,R24
    0018D E086      LDI	R24,6
    0018E BB81      OUT	0x11,R24
    0018F EF8F      LDI	R24,0xFF
    00190 BB82      OUT	0x12,R24
    00191 DEE7      RCALL	_uart0_init
    00192 9478      BSET	7
    00193 C044      RJMP	0x01D8
    00194 DFC5      RCALL	_keyscan
    00195 2F60      MOV	R22,R16
    00196 3F0F      CPI	R16,0xFF
    00197 F149      BEQ	0x01C1
    00198 9020 00AE LDS	R2,geshu
    0019A 2433      CLR	R3
    0019B 2D82      MOV	R24,R2
    0019C 5F8F      SUBI	R24,0xFF
    0019D 9380 00AE STS	geshu,R24
    0019F EA8F      LDI	R24,0xAF
    001A0 E090      LDI	R25,0
    001A1 2DE2      MOV	R30,R2
    001A2 27FF      CLR	R31
    001A3 0FE8      ADD	R30,R24
    001A4 1FF9      ADC	R31,R25
    001A5 8360      ST	Z,R22
    001A6 9180 00AE LDS	R24,geshu
    001A8 3084      CPI	R24,4
    001A9 F499      BNE	0x01BD
    001AA 2422      CLR	R2
    001AB 9220 00AE STS	geshu,R2
    001AD 9100 00AF LDS	R16,shu
    001AF DED4      RCALL	_send_data
    001B0 9100 00B0 LDS	R16,shu+1
    001B2 DED1      RCALL	_send_data
    001B3 9100 00B1 LDS	R16,shu+2
    001B5 DECE      RCALL	_send_data
    001B6 9100 00B2 LDS	R16,shu+3
    001B8 DECB      RCALL	_send_data
    001B9 E00D      LDI	R16,0xD
    001BA DEC9      RCALL	_send_data
    001BB E00A      LDI	R16,0xA
    001BC DEC7      RCALL	_send_data
    001BD DF9C      RCALL	_keyscan
    001BE 2F60      MOV	R22,R16
    001BF 3F0F      CPI	R16,0xFF
    001C0 F7E1      BNE	0x01BD
    001C1 01BA      MOVW	R22,R20
    001C2 5F4F      SUBI	R20,0xFF
    001C3 4F5F      SBCI	R21,0xFF
    001C4 E684      LDI	R24,0x64
    001C5 E090      LDI	R25,0
    001C6 1786      CP	R24,R22
    001C7 0797      CPC	R25,R23
    001C8 F470      BCC	0x01D7
    001C9 2744      CLR	R20
    001CA 2755      CLR	R21
    001CB E005      LDI	R16,5
    001CC DEB7      RCALL	_send_data
    001CD E006      LDI	R16,6
    001CE DEB5      RCALL	_send_data
    001CF E007      LDI	R16,7
    001D0 DEB3      RCALL	_send_data
    001D1 E008      LDI	R16,0x8
    001D2 DEB1      RCALL	_send_data
    001D3 E00D      LDI	R16,0xD
    001D4 DEAF      RCALL	_send_data
    001D5 E00A      LDI	R16,0xA
    001D6 DEAD      RCALL	_send_data
    001D7 DEE4      RCALL	_temptoseg
    001D8 CFBB      RJMP	0x0194
    001D9 9508      RET
